Build started 4/19/2014 7:05:16 PM.
     1>Project "c:\Users\bberger\Documents\OpenSimWheel\Sources\OpenSimwheel Commander\SimPlugins\rFactor2\Win32\InternalsPlugin.vcxproj" on node 2 (Rebuild target(s)).
     1>ClCompile:
         C:\Program Files (x86)\Microsoft Visual Studio 11.0\VC\bin\CL.exe /c /I..\include /Zi /nologo /W3 /WX- /O2 /Ob1 /Oy- /D WIN32 /D NDEBUG /D _WINDOWS /D _USRDLL /D INTERNALSPLUGIN_EXPORTS /D _CRT_SECURE_NO_DEPRECATE /D _SECURE_SCL=0 /D _VC80_UPGRADE=0x0600 /D _WINDLL /D _MBCS /GF /Gm- /EHsc /MD /Zp4 /GS /Gy /fp:precise /Zc:wchar_t /Zc:forScope /Fo".\Release/" /Fd".\Release/vc110.pdb" /Gr /TP /analyze- /errorReport:prompt ..\Source\Example.cpp
         Example.cpp
     1>..\Source\Example.cpp(137): warning C4244: '=' : conversion from 'const double' to 'float', possible loss of data
     1>..\Source\Example.cpp(138): warning C4244: '=' : conversion from 'const double' to 'float', possible loss of data
     1>..\Source\Example.cpp(142): warning C4244: 'argument' : conversion from 'const double' to 'float', possible loss of data
     1>..\Source\Example.cpp(145): warning C4244: '=' : conversion from 'const double' to 'float', possible loss of data
     1>..\Source\Example.cpp(146): warning C4244: '=' : conversion from 'const double' to 'float', possible loss of data
     1>..\Source\Example.cpp(147): warning C4244: '=' : conversion from 'const double' to 'float', possible loss of data
     1>..\Source\Example.cpp(149): warning C4244: '=' : conversion from 'const double' to 'float', possible loss of data
     1>..\Source\Example.cpp(150): warning C4244: '=' : conversion from 'const double' to 'float', possible loss of data
     1>..\Source\Example.cpp(151): warning C4244: '=' : conversion from 'const double' to 'float', possible loss of data
     1>..\Source\Example.cpp(153): warning C4244: '=' : conversion from 'const long' to 'float', possible loss of data
     1>..\Source\Example.cpp(154): warning C4244: '=' : conversion from 'const double' to 'float', possible loss of data
     1>..\Source\Example.cpp(155): warning C4244: '=' : conversion from 'const double' to 'float', possible loss of data
     1>C:\Program Files (x86)\MSBuild\Microsoft.Cpp\v4.0\V110\Microsoft.CppBuild.targets(1137,5): warning MSB8012: TargetPath(c:\Users\bberger\Documents\OpenSimWheel\Sources\OpenSimwheel Commander\SimPlugins\rFactor2\Win32\.\Release\rFactor2OpenSimwheelPlugin.dll) does not match the Linker's OutputFile property value (c:\Users\bberger\Documents\OpenSimWheel\Sources\OpenSimwheel Commander\SimPlugins\rFactor2\Win32\Release\InternalsPlugin.dll). This may cause your project to build incorrectly. To correct this, please make sure that $(OutDir), $(TargetName) and $(TargetExt) property values match the value specified in %(Link.OutputFile).
     1>C:\Program Files (x86)\MSBuild\Microsoft.Cpp\v4.0\V110\Microsoft.CppBuild.targets(1139,5): warning MSB8012: TargetName(rFactor2OpenSimwheelPlugin) does not match the Linker's OutputFile property value (InternalsPlugin). This may cause your project to build incorrectly. To correct this, please make sure that $(OutDir), $(TargetName) and $(TargetExt) property values match the value specified in %(Link.OutputFile).
       Link:
         C:\Program Files (x86)\Microsoft Visual Studio 11.0\VC\bin\link.exe /ERRORREPORT:PROMPT /OUT:".\Release/InternalsPlugin.dll" /INCREMENTAL:NO /NOLOGO kernel32.lib user32.lib gdi32.lib winspool.lib comdlg32.lib advapi32.lib shell32.lib ole32.lib oleaut32.lib uuid.lib odbc32.lib odbccp32.lib /MANIFEST:NO /PDB:".\Release\rFactor2OpenSimwheelPlugin.pdb" /TLBID:1 /DYNAMICBASE /NXCOMPAT /IMPLIB:".\Release/InternalsPlugin.lib" /MACHINE:X86 /SAFESEH /DLL .\Release/Example.obj
            Creating library .\Release/InternalsPlugin.lib and object .\Release/InternalsPlugin.exp
         InternalsPlugin.vcxproj -> c:\Users\bberger\Documents\OpenSimWheel\Sources\OpenSimwheel Commander\SimPlugins\rFactor2\Win32\.\Release\rFactor2OpenSimwheelPlugin.dll
     1>Done Building Project "c:\Users\bberger\Documents\OpenSimWheel\Sources\OpenSimwheel Commander\SimPlugins\rFactor2\Win32\InternalsPlugin.vcxproj" (Rebuild target(s)).

Build succeeded.

Time Elapsed 00:00:00.41
