Build started 4/19/2014 7:05:00 PM.
     1>Project "c:\Users\bberger\Documents\OpenSimWheel\Sources\OpenSimwheel Commander\SimPlugins\rFactor2\Win32\InternalsPlugin.vcxproj" on node 2 (Rebuild target(s)).
     1>ClCompile:
         C:\Program Files (x86)\Microsoft Visual Studio 11.0\VC\bin\CL.exe /c /I..\include /ZI /nologo /W3 /WX- /Od /Oy- /D WIN32 /D _DEBUG /D _WINDOWS /D _USRDLL /D INTERNALSPLUGIN_EXPORTS /D _CRT_SECURE_NO_DEPRECATE /D _VC80_UPGRADE=0x0600 /D _WINDLL /D _MBCS /Gm /EHsc /RTC1 /MT /Zp4 /GS /fp:precise /Zc:wchar_t /Zc:forScope /Fo".\Debug/" /Fd".\Debug/vc110.pdb" /Gr /TP /analyze- /errorReport:prompt ..\Source\Example.cpp
         Example.cpp
     1>c:\users\bberger\documents\opensimwheel\sources\opensimwheel commander\simplugins\rfactor2\source\example.cpp(137): warning C4244: '=' : conversion from 'const double' to 'float', possible loss of data
     1>c:\users\bberger\documents\opensimwheel\sources\opensimwheel commander\simplugins\rfactor2\source\example.cpp(138): warning C4244: '=' : conversion from 'const double' to 'float', possible loss of data
     1>c:\users\bberger\documents\opensimwheel\sources\opensimwheel commander\simplugins\rfactor2\source\example.cpp(142): warning C4244: 'argument' : conversion from 'const double' to 'float', possible loss of data
     1>c:\users\bberger\documents\opensimwheel\sources\opensimwheel commander\simplugins\rfactor2\source\example.cpp(145): warning C4244: '=' : conversion from 'const double' to 'float', possible loss of data
     1>c:\users\bberger\documents\opensimwheel\sources\opensimwheel commander\simplugins\rfactor2\source\example.cpp(146): warning C4244: '=' : conversion from 'const double' to 'float', possible loss of data
     1>c:\users\bberger\documents\opensimwheel\sources\opensimwheel commander\simplugins\rfactor2\source\example.cpp(147): warning C4244: '=' : conversion from 'const double' to 'float', possible loss of data
     1>c:\users\bberger\documents\opensimwheel\sources\opensimwheel commander\simplugins\rfactor2\source\example.cpp(149): warning C4244: '=' : conversion from 'const double' to 'float', possible loss of data
     1>c:\users\bberger\documents\opensimwheel\sources\opensimwheel commander\simplugins\rfactor2\source\example.cpp(150): warning C4244: '=' : conversion from 'const double' to 'float', possible loss of data
     1>c:\users\bberger\documents\opensimwheel\sources\opensimwheel commander\simplugins\rfactor2\source\example.cpp(151): warning C4244: '=' : conversion from 'const double' to 'float', possible loss of data
     1>c:\users\bberger\documents\opensimwheel\sources\opensimwheel commander\simplugins\rfactor2\source\example.cpp(153): warning C4244: '=' : conversion from 'const long' to 'float', possible loss of data
     1>c:\users\bberger\documents\opensimwheel\sources\opensimwheel commander\simplugins\rfactor2\source\example.cpp(154): warning C4244: '=' : conversion from 'const double' to 'float', possible loss of data
     1>c:\users\bberger\documents\opensimwheel\sources\opensimwheel commander\simplugins\rfactor2\source\example.cpp(155): warning C4244: '=' : conversion from 'const double' to 'float', possible loss of data
     1>C:\Program Files (x86)\MSBuild\Microsoft.Cpp\v4.0\V110\Microsoft.CppBuild.targets(1137,5): warning MSB8012: TargetPath(c:\Users\bberger\Documents\OpenSimWheel\Sources\OpenSimwheel Commander\SimPlugins\rFactor2\Win32\.\Debug\rFactor2OpenSimwheelPlugin.dll) does not match the Linker's OutputFile property value (c:\Users\bberger\Documents\OpenSimWheel\Sources\OpenSimwheel Commander\SimPlugins\rFactor2\Win32\Debug\InternalsPlugin.dll). This may cause your project to build incorrectly. To correct this, please make sure that $(OutDir), $(TargetName) and $(TargetExt) property values match the value specified in %(Link.OutputFile).
     1>C:\Program Files (x86)\MSBuild\Microsoft.Cpp\v4.0\V110\Microsoft.CppBuild.targets(1139,5): warning MSB8012: TargetName(rFactor2OpenSimwheelPlugin) does not match the Linker's OutputFile property value (InternalsPlugin). This may cause your project to build incorrectly. To correct this, please make sure that $(OutDir), $(TargetName) and $(TargetExt) property values match the value specified in %(Link.OutputFile).
       Link:
         C:\Program Files (x86)\Microsoft Visual Studio 11.0\VC\bin\link.exe /ERRORREPORT:PROMPT /OUT:".\Debug/InternalsPlugin.dll" /INCREMENTAL /NOLOGO kernel32.lib user32.lib gdi32.lib winspool.lib comdlg32.lib advapi32.lib shell32.lib ole32.lib oleaut32.lib uuid.lib odbc32.lib odbccp32.lib /MANIFEST:NO /DEBUG /PDB:".\Debug/InternalsPlugin.pdb" /TLBID:1 /DYNAMICBASE /NXCOMPAT /IMPLIB:".\Debug/InternalsPlugin.lib" /MACHINE:X86 /SAFESEH /DLL .\Debug/Example.obj
     1>Example.obj : warning LNK4075: ignoring '/EDITANDCONTINUE' due to '/SAFESEH' specification
            Creating library .\Debug/InternalsPlugin.lib and object .\Debug/InternalsPlugin.exp
         InternalsPlugin.vcxproj -> c:\Users\bberger\Documents\OpenSimWheel\Sources\OpenSimwheel Commander\SimPlugins\rFactor2\Win32\.\Debug\rFactor2OpenSimwheelPlugin.dll
     1>Done Building Project "c:\Users\bberger\Documents\OpenSimWheel\Sources\OpenSimwheel Commander\SimPlugins\rFactor2\Win32\InternalsPlugin.vcxproj" (Rebuild target(s)).

Build succeeded.

Time Elapsed 00:00:00.71
