C:\USERS\BBERGER\DOCUMENTS\OPENSIMWHEEL\APIS\RF\INTERNALSPLUGIN5\WIN32\DEBUG\EXAMPLE.OBJ
C:\USERS\BBERGER\DOCUMENTS\OPENSIMWHEEL\APIS\RF\INTERNALSPLUGIN5\WIN32\DEBUG\VC110.PDB
c:\Users\bberger\Documents\OpenSimWheel\apis\rf\InternalsPlugin5\Win32\Debug\InternalsPlugin.lib
c:\Users\bberger\Documents\OpenSimWheel\apis\rf\InternalsPlugin5\Win32\Debug\InternalsPlugin.exp
C:\USERS\BBERGER\DOCUMENTS\OPENSIMWHEEL\APIS\RF\INTERNALSPLUGIN5\WIN32\DEBUG\INTERNALSPLUGIN.ILK
C:\USERS\BBERGER\DOCUMENTS\OPENSIMWHEEL\APIS\RF\INTERNALSPLUGIN5\WIN32\DEBUG\INTERNALSPLUGIN.DLL
C:\USERS\BBERGER\DOCUMENTS\OPENSIMWHEEL\APIS\RF\INTERNALSPLUGIN5\WIN32\DEBUG\INTERNALSPLUGIN.PDB
c:\Users\bberger\Documents\OpenSimWheel\apis\rf\InternalsPlugin5\Win32\Debug\Example.obj
c:\Users\bberger\Documents\OpenSimWheel\apis\rf\InternalsPlugin5\Win32\Debug\InternalsPlugin.ilk
c:\Users\bberger\Documents\OpenSimWheel\apis\rf\InternalsPlugin5\Win32\Debug\cl.command.1.tlog
c:\Users\bberger\Documents\OpenSimWheel\apis\rf\InternalsPlugin5\Win32\Debug\CL.read.1.tlog
c:\Users\bberger\Documents\OpenSimWheel\apis\rf\InternalsPlugin5\Win32\Debug\CL.write.1.tlog
c:\Users\bberger\Documents\OpenSimWheel\apis\rf\InternalsPlugin5\Win32\Debug\InternalsPlugin.write.1.tlog
c:\Users\bberger\Documents\OpenSimWheel\apis\rf\InternalsPlugin5\Win32\Debug\link.command.1.tlog
c:\Users\bberger\Documents\OpenSimWheel\apis\rf\InternalsPlugin5\Win32\Debug\link.read.1.tlog
c:\Users\bberger\Documents\OpenSimWheel\apis\rf\InternalsPlugin5\Win32\Debug\link.write.1.tlog
c:\Users\bberger\Documents\OpenSimWheel\apis\rf\InternalsPlugin5\Win32\Debug\vc110.idb
c:\Users\bberger\Documents\OpenSimWheel\apis\rf\InternalsPlugin5\Win32\Debug\InternalsPlugin.pdb
c:\Users\bberger\Documents\OpenSimWheel\apis\rf\InternalsPlugin5\Win32\Debug\vc110.pdb
c:\Users\bberger\Documents\OpenSimWheel\apis\rf\InternalsPlugin5\Win32\.\Debug\InternalsPlugin.dll
